[2022-01-07 13:34:10.890] [renderer1] [info] Starting extension host with pid 23299.
[2022-01-07 13:34:10.890] [renderer1] [info] [LocalProcessExtensionHost]: IExtensionHostStarter.start() took 26 ms.
[2022-01-07 13:34:11.616] [renderer1] [error] [Extension Host] (node:23299) [DEP0005] DeprecationWarning: Buffer() is deprecated due to security and usability issues. Please use the Buffer.alloc(), Buffer.allocUnsafe(), or Buffer.from() methods instead.
(Use `electron --trace-deprecation ...` to show where the warning was created)
[2022-01-07 13:38:57.380] [renderer1] [error] name must not be falsy: Error: name must not be falsy
	at Function.validate (/usr/lib/code/out/vs/workbench/services/extensions/node/extensionHostProcess.js:87:30483)
	at new n (/usr/lib/code/out/vs/workbench/services/extensions/node/extensionHostProcess.js:87:30432)
	at new n (/usr/lib/code/out/vs/workbench/services/extensions/node/extensionHostProcess.js:87:17223)
	at B (/usr/lib/code/extensions/json-language-features/client/dist/node/jsonClientMain.js:1:491680)
	at Array.map (<anonymous>)
	at Object.asDocumentSymbols (/usr/lib/code/extensions/json-language-features/client/dist/node/jsonClientMain.js:1:497026)
	at /usr/lib/code/extensions/json-language-features/client/dist/node/jsonClientMain.js:1:422935
	at async s.provideDocumentSymbols (/usr/lib/code/out/vs/workbench/services/extensions/node/extensionHostProcess.js:94:167312)
[2022-01-07 13:39:03.658] [renderer1] [error] name must not be falsy: Error: name must not be falsy
	at Function.validate (/usr/lib/code/out/vs/workbench/services/extensions/node/extensionHostProcess.js:87:30483)
	at new n (/usr/lib/code/out/vs/workbench/services/extensions/node/extensionHostProcess.js:87:30432)
	at new n (/usr/lib/code/out/vs/workbench/services/extensions/node/extensionHostProcess.js:87:17223)
	at B (/usr/lib/code/extensions/json-language-features/client/dist/node/jsonClientMain.js:1:491680)
	at Array.map (<anonymous>)
	at Object.asDocumentSymbols (/usr/lib/code/extensions/json-language-features/client/dist/node/jsonClientMain.js:1:497026)
	at /usr/lib/code/extensions/json-language-features/client/dist/node/jsonClientMain.js:1:422935
	at async s.provideDocumentSymbols (/usr/lib/code/out/vs/workbench/services/extensions/node/extensionHostProcess.js:94:167312)
[2022-01-07 13:39:07.688] [renderer1] [error] name must not be falsy: Error: name must not be falsy
	at Function.validate (/usr/lib/code/out/vs/workbench/services/extensions/node/extensionHostProcess.js:87:30483)
	at new n (/usr/lib/code/out/vs/workbench/services/extensions/node/extensionHostProcess.js:87:30432)
	at new n (/usr/lib/code/out/vs/workbench/services/extensions/node/extensionHostProcess.js:87:17223)
	at B (/usr/lib/code/extensions/json-language-features/client/dist/node/jsonClientMain.js:1:491680)
	at Array.map (<anonymous>)
	at Object.asDocumentSymbols (/usr/lib/code/extensions/json-language-features/client/dist/node/jsonClientMain.js:1:497026)
	at /usr/lib/code/extensions/json-language-features/client/dist/node/jsonClientMain.js:1:422935
	at async s.provideDocumentSymbols (/usr/lib/code/out/vs/workbench/services/extensions/node/extensionHostProcess.js:94:167312)
[2022-01-07 13:39:11.017] [renderer1] [error] name must not be falsy: Error: name must not be falsy
	at Function.validate (/usr/lib/code/out/vs/workbench/services/extensions/node/extensionHostProcess.js:87:30483)
	at new n (/usr/lib/code/out/vs/workbench/services/extensions/node/extensionHostProcess.js:87:30432)
	at new n (/usr/lib/code/out/vs/workbench/services/extensions/node/extensionHostProcess.js:87:17223)
	at B (/usr/lib/code/extensions/json-language-features/client/dist/node/jsonClientMain.js:1:491680)
	at Array.map (<anonymous>)
	at Object.asDocumentSymbols (/usr/lib/code/extensions/json-language-features/client/dist/node/jsonClientMain.js:1:497026)
	at /usr/lib/code/extensions/json-language-features/client/dist/node/jsonClientMain.js:1:422935
	at async s.provideDocumentSymbols (/usr/lib/code/out/vs/workbench/services/extensions/node/extensionHostProcess.js:94:167312)
[2022-01-07 13:39:14.340] [renderer1] [error] name must not be falsy: Error: name must not be falsy
	at Function.validate (/usr/lib/code/out/vs/workbench/services/extensions/node/extensionHostProcess.js:87:30483)
	at new n (/usr/lib/code/out/vs/workbench/services/extensions/node/extensionHostProcess.js:87:30432)
	at new n (/usr/lib/code/out/vs/workbench/services/extensions/node/extensionHostProcess.js:87:17223)
	at B (/usr/lib/code/extensions/json-language-features/client/dist/node/jsonClientMain.js:1:491680)
	at Array.map (<anonymous>)
	at Object.asDocumentSymbols (/usr/lib/code/extensions/json-language-features/client/dist/node/jsonClientMain.js:1:497026)
	at /usr/lib/code/extensions/json-language-features/client/dist/node/jsonClientMain.js:1:422935
	at async s.provideDocumentSymbols (/usr/lib/code/out/vs/workbench/services/extensions/node/extensionHostProcess.js:94:167312)
[2022-01-07 13:39:16.633] [renderer1] [error] name must not be falsy: Error: name must not be falsy
	at Function.validate (/usr/lib/code/out/vs/workbench/services/extensions/node/extensionHostProcess.js:87:30483)
	at new n (/usr/lib/code/out/vs/workbench/services/extensions/node/extensionHostProcess.js:87:30432)
	at new n (/usr/lib/code/out/vs/workbench/services/extensions/node/extensionHostProcess.js:87:17223)
	at B (/usr/lib/code/extensions/json-language-features/client/dist/node/jsonClientMain.js:1:491680)
	at Array.map (<anonymous>)
	at Object.asDocumentSymbols (/usr/lib/code/extensions/json-language-features/client/dist/node/jsonClientMain.js:1:497026)
	at /usr/lib/code/extensions/json-language-features/client/dist/node/jsonClientMain.js:1:422935
	at async s.provideDocumentSymbols (/usr/lib/code/out/vs/workbench/services/extensions/node/extensionHostProcess.js:94:167312)
[2022-01-07 13:39:21.291] [renderer1] [error] name must not be falsy: Error: name must not be falsy
	at Function.validate (/usr/lib/code/out/vs/workbench/services/extensions/node/extensionHostProcess.js:87:30483)
	at new n (/usr/lib/code/out/vs/workbench/services/extensions/node/extensionHostProcess.js:87:30432)
	at new n (/usr/lib/code/out/vs/workbench/services/extensions/node/extensionHostProcess.js:87:17223)
	at B (/usr/lib/code/extensions/json-language-features/client/dist/node/jsonClientMain.js:1:491680)
	at Array.map (<anonymous>)
	at Object.asDocumentSymbols (/usr/lib/code/extensions/json-language-features/client/dist/node/jsonClientMain.js:1:497026)
	at /usr/lib/code/extensions/json-language-features/client/dist/node/jsonClientMain.js:1:422935
	at async s.provideDocumentSymbols (/usr/lib/code/out/vs/workbench/services/extensions/node/extensionHostProcess.js:94:167312)
[2022-01-07 13:41:31.640] [renderer1] [error] Cannot refresh property when process is undefined: Error: Cannot refresh property when process is undefined
    at k.refreshProperty (vscode-file://vscode-app/usr/lib/code/out/vs/workbench/workbench.desktop.main.js:1713:24164)
    at ii.refreshProperty (vscode-file://vscode-app/usr/lib/code/out/vs/workbench/workbench.desktop.main.js:2756:8139)
    at async ii._updateProcessCwd (vscode-file://vscode-app/usr/lib/code/out/vs/workbench/workbench.desktop.main.js:2755:968)
[2022-01-07 13:41:33.603] [renderer1] [error] Cannot refresh property when process is undefined: Error: Cannot refresh property when process is undefined
    at k.refreshProperty (vscode-file://vscode-app/usr/lib/code/out/vs/workbench/workbench.desktop.main.js:1713:24164)
    at ii.refreshProperty (vscode-file://vscode-app/usr/lib/code/out/vs/workbench/workbench.desktop.main.js:2756:8139)
    at async ii._updateProcessCwd (vscode-file://vscode-app/usr/lib/code/out/vs/workbench/workbench.desktop.main.js:2755:968)
[2022-01-07 13:53:28.762] [renderer1] [error] Cannot refresh property when process is undefined: Error: Cannot refresh property when process is undefined
    at k.refreshProperty (vscode-file://vscode-app/usr/lib/code/out/vs/workbench/workbench.desktop.main.js:1713:24164)
    at ii.refreshProperty (vscode-file://vscode-app/usr/lib/code/out/vs/workbench/workbench.desktop.main.js:2756:8139)
    at async ii._updateProcessCwd (vscode-file://vscode-app/usr/lib/code/out/vs/workbench/workbench.desktop.main.js:2755:968)
[2022-01-07 13:54:37.305] [renderer1] [error] Cannot refresh property when process is undefined: Error: Cannot refresh property when process is undefined
    at k.refreshProperty (vscode-file://vscode-app/usr/lib/code/out/vs/workbench/workbench.desktop.main.js:1713:24164)
    at ii.refreshProperty (vscode-file://vscode-app/usr/lib/code/out/vs/workbench/workbench.desktop.main.js:2756:8139)
    at async ii._updateProcessCwd (vscode-file://vscode-app/usr/lib/code/out/vs/workbench/workbench.desktop.main.js:2755:968)
[2022-01-07 13:56:40.655] [renderer1] [error] Cannot refresh property when process is undefined: Error: Cannot refresh property when process is undefined
    at k.refreshProperty (vscode-file://vscode-app/usr/lib/code/out/vs/workbench/workbench.desktop.main.js:1713:24164)
    at ii.refreshProperty (vscode-file://vscode-app/usr/lib/code/out/vs/workbench/workbench.desktop.main.js:2756:8139)
    at async ii._updateProcessCwd (vscode-file://vscode-app/usr/lib/code/out/vs/workbench/workbench.desktop.main.js:2755:968)
[2022-01-07 14:06:59.530] [renderer1] [error] Cannot refresh property when process is undefined: Error: Cannot refresh property when process is undefined
    at k.refreshProperty (vscode-file://vscode-app/usr/lib/code/out/vs/workbench/workbench.desktop.main.js:1713:24164)
    at ii.refreshProperty (vscode-file://vscode-app/usr/lib/code/out/vs/workbench/workbench.desktop.main.js:2756:8139)
    at async ii._updateProcessCwd (vscode-file://vscode-app/usr/lib/code/out/vs/workbench/workbench.desktop.main.js:2755:968)
