[2022-01-19 21:50:27.779] [exthost] [info] Extension host with pid 480044 started
[2022-01-19 21:50:27.779] [exthost] [info] Skipping acquiring lock for /home/owen/.config/Code - OSS/User/workspaceStorage/5cfd364579a2da7325f1b914ccc2693e.
[2022-01-19 21:50:27.913] [exthost] [info] ExtensionService#_doActivateExtension vscode.configuration-editing, startup: false, activationEvent: 'onLanguage:json'
[2022-01-19 21:50:27.931] [exthost] [info] ExtensionService#_doActivateExtension vscode.extension-editing, startup: false, activationEvent: 'onLanguage:json'
[2022-01-19 21:50:27.936] [exthost] [info] ExtensionService#_doActivateExtension vscode.json-language-features, startup: false, activationEvent: 'onLanguage:json'
[2022-01-19 21:50:27.978] [exthost] [info] ExtensionService#_doActivateExtension vscode.npm, startup: false, activationEvent: 'onLanguage:json'
[2022-01-19 21:50:27.999] [exthost] [info] ExtensionService#_doActivateExtension vscode.debug-auto-launch, startup: true, activationEvent: '*'
[2022-01-19 21:50:28.031] [exthost] [info] ExtensionService#_doActivateExtension vscode.git, startup: true, activationEvent: '*', root cause: vscode.github
[2022-01-19 21:50:28.081] [exthost] [info] ExtensionService#_doActivateExtension asvetliakov.vscode-neovim, startup: true, activationEvent: '*'
[2022-01-19 21:50:28.196] [exthost] [info] ExtensionService#_doActivateExtension sainnhe.gruvbox-material, startup: true, activationEvent: '*'
[2022-01-19 21:50:30.560] [exthost] [info] ExtensionService#_doActivateExtension vscode.github, startup: true, activationEvent: '*'
[2022-01-19 21:50:30.584] [exthost] [info] Eager extensions activated
[2022-01-19 21:50:30.585] [exthost] [info] ExtensionService#_doActivateExtension vscode.merge-conflict, startup: false, activationEvent: 'onStartupFinished'
[2022-01-19 21:53:13.792] [exthost] [info] extension host terminating: renderer closed the socket
[2022-01-19 21:53:14.798] [exthost] [info] Extension host with pid 480044 exiting with code 0
[2022-01-19 21:53:16.125] [exthost] [info] Extension host with pid 480882 started
[2022-01-19 21:53:16.125] [exthost] [info] Skipping acquiring lock for /home/owen/.config/Code - OSS/User/workspaceStorage/7a1bfcda1b3f8e87ae4e523803524820.
[2022-01-19 21:53:16.179] [exthost] [info] ExtensionService#_doActivateExtension vscode.debug-auto-launch, startup: true, activationEvent: '*'
[2022-01-19 21:53:16.181] [exthost] [info] ExtensionService#_doActivateExtension vscode.git, startup: true, activationEvent: '*', root cause: vscode.github
[2022-01-19 21:53:16.196] [exthost] [info] ExtensionService#_doActivateExtension asvetliakov.vscode-neovim, startup: true, activationEvent: '*'
[2022-01-19 21:53:16.210] [exthost] [info] ExtensionService#_doActivateExtension sainnhe.gruvbox-material, startup: true, activationEvent: '*'
[2022-01-19 21:53:16.398] [exthost] [info] ExtensionService#_doActivateExtension vscode.github, startup: true, activationEvent: '*'
[2022-01-19 21:53:16.406] [exthost] [info] Eager extensions activated
[2022-01-19 21:53:16.409] [exthost] [info] ExtensionService#_doActivateExtension vscode.merge-conflict, startup: false, activationEvent: 'onStartupFinished'
[2022-01-19 22:05:23.018] [exthost] [info] ExtensionService#_doActivateExtension vscode.configuration-editing, startup: false, activationEvent: 'onLanguage:jsonc'
[2022-01-19 22:05:23.022] [exthost] [info] ExtensionService#_doActivateExtension vscode.json-language-features, startup: false, activationEvent: 'onLanguage:jsonc'
[2022-01-19 22:05:23.038] [exthost] [info] ExtensionService#_doActivateExtension vscode.typescript-language-features, startup: false, activationEvent: 'onLanguage:jsonc'
[2022-01-19 22:05:54.615] [exthost] [info] ExtensionService#_doActivateExtension vscode.emmet, startup: false, activationEvent: 'onLanguage:html'
[2022-01-19 22:05:54.639] [exthost] [info] ExtensionService#_doActivateExtension vscode.html-language-features, startup: false, activationEvent: 'onLanguage:html'
[2022-01-19 22:06:30.433] [exthost] [info] ExtensionService#_doActivateExtension vscode.css-language-features, startup: false, activationEvent: 'onLanguage:css'
[2022-01-19 22:23:35.549] [exthost] [info] ExtensionService#_doActivateExtension dsznajder.es7-react-js-snippets, startup: false, activationEvent: 'onLanguage:javascript'
[2022-01-19 22:36:37.766] [exthost] [info] extension host terminating: renderer closed the socket
[2022-01-19 22:36:38.813] [exthost] [info] Extension host with pid 480882 exiting with code 0
