Validating found git in: git
Using git 2.34.1 from git
Opening repository for path='/home/owen/projects/betting/razor_bets' failed; ex=Failed to execute git {
  "exitCode": 128,
  "gitErrorCode": "NotAGitRepository",
  "gitCommand": "rev-parse",
  "stdout": "",
  "stderr": "fatal: not a git repository (or any parent up to mount point /)\nStopping at filesystem boundary (GIT_DISCOVERY_ACROSS_FILESYSTEM not set).\n"
}
Opening repository for path='/home/owen/projects/betting/razor_bets' failed; ex=Failed to execute git {
  "exitCode": 128,
  "gitErrorCode": "NotAGitRepository",
  "gitCommand": "rev-parse",
  "stdout": "",
  "stderr": "fatal: not a git repository (or any parent up to mount point /)\nStopping at filesystem boundary (GIT_DISCOVERY_ACROSS_FILESYSTEM not set).\n"
}
Opening repository for path='/home/owen/projects/betting/razor_bets/.gitignore' failed; ex=Error: spawn ENOTDIR
Opening repository for path='/home/owen/projects/betting/razor_bets/index.html' failed; ex=Error: spawn ENOTDIR
Opening repository for path='/home/owen/projects/betting/razor_bets/node_modules' failed; ex=Failed to execute git {
  "exitCode": 128,
  "gitErrorCode": "NotAGitRepository",
  "gitCommand": "rev-parse",
  "stdout": "",
  "stderr": "fatal: not a git repository (or any parent up to mount point /)\nStopping at filesystem boundary (GIT_DISCOVERY_ACROSS_FILESYSTEM not set).\n"
}
Opening repository for path='/home/owen/projects/betting/razor_bets/package-lock.json' failed; ex=Error: spawn ENOTDIR
Opening repository for path='/home/owen/projects/betting/razor_bets/package.json' failed; ex=Error: spawn ENOTDIR
Opening repository for path='/home/owen/projects/betting/razor_bets/src' failed; ex=Failed to execute git {
  "exitCode": 128,
  "gitErrorCode": "NotAGitRepository",
  "gitCommand": "rev-parse",
  "stdout": "",
  "stderr": "fatal: not a git repository (or any parent up to mount point /)\nStopping at filesystem boundary (GIT_DISCOVERY_ACROSS_FILESYSTEM not set).\n"
}
Opening repository for path='/home/owen/projects/betting/razor_bets/vite.config.js' failed; ex=Error: spawn ENOTDIR
Opening repository for path='/home/owen/projects/betting/razor_bets/' failed; ex=spawn git ENOENT {
  "gitErrorCode": "NotAGitRepository"
}Error: spawn git ENOENT
	at Process.ChildProcess._handle.onexit (internal/child_process.js:269:19)
	at onErrorNT (internal/child_process.js:465:16)
	at processTicksAndRejections (internal/process/task_queues.js:80:21)
