[2022-01-07 13:34:11.977] [exthost] [info] Extension host with pid 23299 started
[2022-01-07 13:34:11.977] [exthost] [info] Skipping acquiring lock for /home/owen/.config/Code - OSS/User/workspaceStorage/3e67541fd9a00bcfc91ba21a192926b5.
[2022-01-07 13:34:12.163] [exthost] [info] ExtensionService#_doActivateExtension vscode.extension-editing, startup: false, activationEvent: 'onLanguage:markdown'
[2022-01-07 13:34:12.170] [exthost] [info] ExtensionService#_doActivateExtension vscode.markdown-language-features, startup: false, activationEvent: 'onLanguage:markdown'
[2022-01-07 13:34:12.193] [exthost] [info] ExtensionService#_doActivateExtension vscode.debug-auto-launch, startup: true, activationEvent: '*'
[2022-01-07 13:34:12.195] [exthost] [info] ExtensionService#_doActivateExtension vscode.git, startup: true, activationEvent: '*', root cause: vscode.github
[2022-01-07 13:34:12.214] [exthost] [info] ExtensionService#_doActivateExtension asvetliakov.vscode-neovim, startup: true, activationEvent: '*'
[2022-01-07 13:34:13.006] [exthost] [info] ExtensionService#_doActivateExtension vscode.github, startup: true, activationEvent: '*'
[2022-01-07 13:34:13.054] [exthost] [info] ExtensionService#_doActivateExtension vscode.markdown-math, startup: false, activationEvent: 'api', root cause: vscode.markdown-language-features
[2022-01-07 13:34:13.063] [exthost] [info] Eager extensions activated
[2022-01-07 13:34:13.065] [exthost] [info] ExtensionService#_doActivateExtension vscode.merge-conflict, startup: false, activationEvent: 'onStartupFinished'
[2022-01-07 13:34:59.316] [exthost] [info] ExtensionService#_doActivateExtension vscode.configuration-editing, startup: false, activationEvent: 'onLanguage:jsonc'
[2022-01-07 13:34:59.319] [exthost] [info] ExtensionService#_doActivateExtension vscode.json-language-features, startup: false, activationEvent: 'onLanguage:jsonc'
[2022-01-07 13:34:59.347] [exthost] [info] ExtensionService#_doActivateExtension vscode.typescript-language-features, startup: false, activationEvent: 'onLanguage:jsonc'
[2022-01-07 13:38:57.375] [exthost] [error] [vscode.json-language-features] provider FAILED
[2022-01-07 13:38:57.377] [exthost] [error] Error: name must not be falsy
	at Function.validate (/usr/lib/code/out/vs/workbench/services/extensions/node/extensionHostProcess.js:87:30483)
	at new n (/usr/lib/code/out/vs/workbench/services/extensions/node/extensionHostProcess.js:87:30432)
	at new n (/usr/lib/code/out/vs/workbench/services/extensions/node/extensionHostProcess.js:87:17223)
	at B (/usr/lib/code/extensions/json-language-features/client/dist/node/jsonClientMain.js:1:491680)
	at Array.map (<anonymous>)
	at Object.asDocumentSymbols (/usr/lib/code/extensions/json-language-features/client/dist/node/jsonClientMain.js:1:497026)
	at /usr/lib/code/extensions/json-language-features/client/dist/node/jsonClientMain.js:1:422935
	at async s.provideDocumentSymbols (/usr/lib/code/out/vs/workbench/services/extensions/node/extensionHostProcess.js:94:167312)
[2022-01-07 13:39:03.657] [exthost] [error] [vscode.json-language-features] provider FAILED
[2022-01-07 13:39:03.658] [exthost] [error] Error: name must not be falsy
	at Function.validate (/usr/lib/code/out/vs/workbench/services/extensions/node/extensionHostProcess.js:87:30483)
	at new n (/usr/lib/code/out/vs/workbench/services/extensions/node/extensionHostProcess.js:87:30432)
	at new n (/usr/lib/code/out/vs/workbench/services/extensions/node/extensionHostProcess.js:87:17223)
	at B (/usr/lib/code/extensions/json-language-features/client/dist/node/jsonClientMain.js:1:491680)
	at Array.map (<anonymous>)
	at Object.asDocumentSymbols (/usr/lib/code/extensions/json-language-features/client/dist/node/jsonClientMain.js:1:497026)
	at /usr/lib/code/extensions/json-language-features/client/dist/node/jsonClientMain.js:1:422935
	at async s.provideDocumentSymbols (/usr/lib/code/out/vs/workbench/services/extensions/node/extensionHostProcess.js:94:167312)
[2022-01-07 13:39:07.610] [exthost] [error] [vscode.json-language-features] provider FAILED
[2022-01-07 13:39:07.610] [exthost] [error] Error: name must not be falsy
	at Function.validate (/usr/lib/code/out/vs/workbench/services/extensions/node/extensionHostProcess.js:87:30483)
	at new n (/usr/lib/code/out/vs/workbench/services/extensions/node/extensionHostProcess.js:87:30432)
	at new n (/usr/lib/code/out/vs/workbench/services/extensions/node/extensionHostProcess.js:87:17223)
	at B (/usr/lib/code/extensions/json-language-features/client/dist/node/jsonClientMain.js:1:491680)
	at Array.map (<anonymous>)
	at Object.asDocumentSymbols (/usr/lib/code/extensions/json-language-features/client/dist/node/jsonClientMain.js:1:497026)
	at /usr/lib/code/extensions/json-language-features/client/dist/node/jsonClientMain.js:1:422935
	at async s.provideDocumentSymbols (/usr/lib/code/out/vs/workbench/services/extensions/node/extensionHostProcess.js:94:167312)
[2022-01-07 13:39:08.264] [exthost] [error] [vscode.json-language-features] provider FAILED
[2022-01-07 13:39:08.265] [exthost] [error] Error: name must not be falsy
	at Function.validate (/usr/lib/code/out/vs/workbench/services/extensions/node/extensionHostProcess.js:87:30483)
	at new n (/usr/lib/code/out/vs/workbench/services/extensions/node/extensionHostProcess.js:87:30432)
	at new n (/usr/lib/code/out/vs/workbench/services/extensions/node/extensionHostProcess.js:87:17223)
	at B (/usr/lib/code/extensions/json-language-features/client/dist/node/jsonClientMain.js:1:491680)
	at Array.map (<anonymous>)
	at Object.asDocumentSymbols (/usr/lib/code/extensions/json-language-features/client/dist/node/jsonClientMain.js:1:497026)
	at /usr/lib/code/extensions/json-language-features/client/dist/node/jsonClientMain.js:1:422935
	at async s.provideDocumentSymbols (/usr/lib/code/out/vs/workbench/services/extensions/node/extensionHostProcess.js:94:167312)
[2022-01-07 13:39:11.016] [exthost] [error] [vscode.json-language-features] provider FAILED
[2022-01-07 13:39:11.016] [exthost] [error] Error: name must not be falsy
	at Function.validate (/usr/lib/code/out/vs/workbench/services/extensions/node/extensionHostProcess.js:87:30483)
	at new n (/usr/lib/code/out/vs/workbench/services/extensions/node/extensionHostProcess.js:87:30432)
	at new n (/usr/lib/code/out/vs/workbench/services/extensions/node/extensionHostProcess.js:87:17223)
	at B (/usr/lib/code/extensions/json-language-features/client/dist/node/jsonClientMain.js:1:491680)
	at Array.map (<anonymous>)
	at Object.asDocumentSymbols (/usr/lib/code/extensions/json-language-features/client/dist/node/jsonClientMain.js:1:497026)
	at /usr/lib/code/extensions/json-language-features/client/dist/node/jsonClientMain.js:1:422935
	at async s.provideDocumentSymbols (/usr/lib/code/out/vs/workbench/services/extensions/node/extensionHostProcess.js:94:167312)
[2022-01-07 13:39:14.337] [exthost] [error] [vscode.json-language-features] provider FAILED
[2022-01-07 13:39:14.338] [exthost] [error] Error: name must not be falsy
	at Function.validate (/usr/lib/code/out/vs/workbench/services/extensions/node/extensionHostProcess.js:87:30483)
	at new n (/usr/lib/code/out/vs/workbench/services/extensions/node/extensionHostProcess.js:87:30432)
	at new n (/usr/lib/code/out/vs/workbench/services/extensions/node/extensionHostProcess.js:87:17223)
	at B (/usr/lib/code/extensions/json-language-features/client/dist/node/jsonClientMain.js:1:491680)
	at Array.map (<anonymous>)
	at Object.asDocumentSymbols (/usr/lib/code/extensions/json-language-features/client/dist/node/jsonClientMain.js:1:497026)
	at /usr/lib/code/extensions/json-language-features/client/dist/node/jsonClientMain.js:1:422935
	at async s.provideDocumentSymbols (/usr/lib/code/out/vs/workbench/services/extensions/node/extensionHostProcess.js:94:167312)
[2022-01-07 13:39:16.632] [exthost] [error] [vscode.json-language-features] provider FAILED
[2022-01-07 13:39:16.632] [exthost] [error] Error: name must not be falsy
	at Function.validate (/usr/lib/code/out/vs/workbench/services/extensions/node/extensionHostProcess.js:87:30483)
	at new n (/usr/lib/code/out/vs/workbench/services/extensions/node/extensionHostProcess.js:87:30432)
	at new n (/usr/lib/code/out/vs/workbench/services/extensions/node/extensionHostProcess.js:87:17223)
	at B (/usr/lib/code/extensions/json-language-features/client/dist/node/jsonClientMain.js:1:491680)
	at Array.map (<anonymous>)
	at Object.asDocumentSymbols (/usr/lib/code/extensions/json-language-features/client/dist/node/jsonClientMain.js:1:497026)
	at /usr/lib/code/extensions/json-language-features/client/dist/node/jsonClientMain.js:1:422935
	at async s.provideDocumentSymbols (/usr/lib/code/out/vs/workbench/services/extensions/node/extensionHostProcess.js:94:167312)
[2022-01-07 13:39:19.527] [exthost] [warning] TextEditor is closed/disposed
[2022-01-07 13:39:19.532] [exthost] [warning] TextEditor is closed/disposed
[2022-01-07 13:39:19.535] [exthost] [warning] TextEditor is closed/disposed
[2022-01-07 13:39:21.286] [exthost] [error] [vscode.json-language-features] provider FAILED
[2022-01-07 13:39:21.286] [exthost] [error] Error: name must not be falsy
	at Function.validate (/usr/lib/code/out/vs/workbench/services/extensions/node/extensionHostProcess.js:87:30483)
	at new n (/usr/lib/code/out/vs/workbench/services/extensions/node/extensionHostProcess.js:87:30432)
	at new n (/usr/lib/code/out/vs/workbench/services/extensions/node/extensionHostProcess.js:87:17223)
	at B (/usr/lib/code/extensions/json-language-features/client/dist/node/jsonClientMain.js:1:491680)
	at Array.map (<anonymous>)
	at Object.asDocumentSymbols (/usr/lib/code/extensions/json-language-features/client/dist/node/jsonClientMain.js:1:497026)
	at /usr/lib/code/extensions/json-language-features/client/dist/node/jsonClientMain.js:1:422935
	at async s.provideDocumentSymbols (/usr/lib/code/out/vs/workbench/services/extensions/node/extensionHostProcess.js:94:167312)
[2022-01-07 13:39:33.129] [exthost] [warning] TextEditor is closed/disposed
[2022-01-07 13:39:33.130] [exthost] [warning] TextEditor is closed/disposed
[2022-01-07 13:39:33.131] [exthost] [warning] TextEditor is closed/disposed
[2022-01-07 13:39:33.172] [exthost] [warning] TextEditor is closed/disposed
