Validating found git in: git
Using git 2.34.1 from git
> git rev-parse --git-dir
Open repository: /home/owen/projects/blockchain/quad-voting
> git status -z -u
> git symbolic-ref --short HEAD
> git for-each-ref --format=%(refname)%00%(upstream:short)%00%(objectname)%00%(upstream:track) refs/heads/main refs/remotes/main
> git for-each-ref --sort -committerdate --format %(refname) %(objectname) %(*objectname)
> git remote --verbose
> git config --get commit.template
> git show --textconv :README.md
> git ls-files --stage -- /home/owen/projects/blockchain/quad-voting/README.md
> git cat-file -s f56aed6558da9a91032618cf0a2f89a2e154c30a
> git check-ignore -v -z --stdin
> git status -z -u
> git symbolic-ref --short HEAD
> git for-each-ref --format=%(refname)%00%(upstream:short)%00%(objectname)%00%(upstream:track) refs/heads/main refs/remotes/main
> git for-each-ref --sort -committerdate --format %(refname) %(objectname) %(*objectname)
> git remote --verbose
> git config --get commit.template
> git show --textconv HEAD:README.md
> git ls-tree -l HEAD -- /home/owen/projects/blockchain/quad-voting/README.md
> git log --format=%H%n%aN%n%aE%n%at%n%ct%n%P%n%B -z -n21 -- /home/owen/projects/blockchain/quad-voting/README.md
> git show --textconv :README.md
> git ls-files --stage -- /home/owen/projects/blockchain/quad-voting/README.md
> git cat-file -s f56aed6558da9a91032618cf0a2f89a2e154c30a
> git status -z -u
> git check-ignore -v -z --stdin
> git symbolic-ref --short HEAD
> git for-each-ref --format=%(refname)%00%(upstream:short)%00%(objectname)%00%(upstream:track) refs/heads/main refs/remotes/main
> git for-each-ref --sort -committerdate --format %(refname) %(objectname) %(*objectname)
> git remote --verbose
> git config --get commit.template
> git check-ignore -v -z --stdin
> git status -z -u
> git symbolic-ref --short HEAD
> git for-each-ref --format=%(refname)%00%(upstream:short)%00%(objectname)%00%(upstream:track) refs/heads/main refs/remotes/main
> git for-each-ref --sort -committerdate --format %(refname) %(objectname) %(*objectname)
> git remote --verbose
> git config --get commit.template
> git check-ignore -v -z --stdin
> git status -z -u
> git symbolic-ref --short HEAD
> git for-each-ref --format=%(refname)%00%(upstream:short)%00%(objectname)%00%(upstream:track) refs/heads/main refs/remotes/main
> git for-each-ref --sort -committerdate --format %(refname) %(objectname) %(*objectname)
> git remote --verbose
> git config --get commit.template
> git check-ignore -v -z --stdin
> git show --textconv :quad-voting-app/README.md
> git ls-files --stage -- /home/owen/projects/blockchain/quad-voting/quad-voting-app/README.md
> git check-ignore -v -z --stdin
> git status -z -u
> git symbolic-ref --short HEAD
> git for-each-ref --format=%(refname)%00%(upstream:short)%00%(objectname)%00%(upstream:track) refs/heads/main refs/remotes/main
> git for-each-ref --sort -committerdate --format %(refname) %(objectname) %(*objectname)
> git remote --verbose
> git config --get commit.template
> git status -z -u
> git symbolic-ref --short HEAD
> git check-ignore -v -z --stdin
> git for-each-ref --format=%(refname)%00%(upstream:short)%00%(objectname)%00%(upstream:track) refs/heads/main refs/remotes/main
> git for-each-ref --sort -committerdate --format %(refname) %(objectname) %(*objectname)
> git remote --verbose
> git config --get commit.template
> git show --textconv :quad-voting-app/hardhat.config.js
> git ls-files --stage -- /home/owen/projects/blockchain/quad-voting/quad-voting-app/hardhat.config.js
> git check-ignore -v -z --stdin
> git status -z -u
> git check-ignore -v -z --stdin
> git symbolic-ref --short HEAD
> git for-each-ref --format=%(refname)%00%(upstream:short)%00%(objectname)%00%(upstream:track) refs/heads/main refs/remotes/main
> git for-each-ref --sort -committerdate --format %(refname) %(objectname) %(*objectname)
> git remote --verbose
> git config --get commit.template
> git show --textconv :quad-voting-app/contracts/Greeter.sol
> git ls-files --stage -- /home/owen/projects/blockchain/quad-voting/quad-voting-app/contracts/Greeter.sol
> git check-ignore -v -z --stdin
> git check-ignore -v -z --stdin
> git show --textconv :quad-voting-app/README.md
> git ls-files --stage -- /home/owen/projects/blockchain/quad-voting/quad-voting-app/README.md
> git show --textconv :quad-voting-app/hardhat.config.js
> git ls-files --stage -- /home/owen/projects/blockchain/quad-voting/quad-voting-app/hardhat.config.js
> git show --textconv :quad-voting-app/.gitignore
> git ls-files --stage -- /home/owen/projects/blockchain/quad-voting/quad-voting-app/.gitignore
> git check-ignore -v -z --stdin
> git show --textconv :quad-voting-app/src/App.css
> git ls-files --stage -- /home/owen/projects/blockchain/quad-voting/quad-voting-app/src/App.css
> git show --textconv :quad-voting-app/src/main.jsx
> git ls-files --stage -- /home/owen/projects/blockchain/quad-voting/quad-voting-app/src/main.jsx
> git show --textconv :quad-voting-app/src/favicon.svg
> git ls-files --stage -- /home/owen/projects/blockchain/quad-voting/quad-voting-app/src/favicon.svg
> git check-ignore -v -z --stdin
> git show --textconv :quad-voting-app/scripts/sample-script.js
> git ls-files --stage -- /home/owen/projects/blockchain/quad-voting/quad-voting-app/scripts/sample-script.js
> git show --textconv :quad-voting-app/contracts/Greeter.sol
> git ls-files --stage -- /home/owen/projects/blockchain/quad-voting/quad-voting-app/contracts/Greeter.sol
> git show --textconv :quad-voting-app/README.md
> git ls-files --stage -- /home/owen/projects/blockchain/quad-voting/quad-voting-app/README.md
> git show --textconv :quad-voting-app/contracts/Greeter.sol
> git ls-files --stage -- /home/owen/projects/blockchain/quad-voting/quad-voting-app/contracts/Greeter.sol
> git log --format=%H%n%aN%n%aE%n%at%n%ct%n%P%n%B -z -n21 -- /home/owen/projects/blockchain/quad-voting/quad-voting-app/contracts/Greeter.sol
> git log --format=%H%n%aN%n%aE%n%at%n%ct%n%P%n%B -z -n41 -- /home/owen/projects/blockchain/quad-voting/quad-voting-app/contracts/Greeter.sol
> git show --textconv :quad-voting-app/README.md
> git ls-files --stage -- /home/owen/projects/blockchain/quad-voting/quad-voting-app/README.md
> git show --textconv :quad-voting-app/src/index.css
> git ls-files --stage -- /home/owen/projects/blockchain/quad-voting/quad-voting-app/src/index.css
> git show --textconv :quad-voting-app/src/favicon.svg
> git ls-files --stage -- /home/owen/projects/blockchain/quad-voting/quad-voting-app/src/favicon.svg
> git check-ignore -v -z --stdin
> git show --textconv :quad-voting-app/contracts/Greeter.sol
> git ls-files --stage -- /home/owen/projects/blockchain/quad-voting/quad-voting-app/contracts/Greeter.sol
> git show --textconv :quad-voting-app/contracts/Greeter.sol
> git ls-files --stage -- /home/owen/projects/blockchain/quad-voting/quad-voting-app/contracts/Greeter.sol
> git show --textconv :quad-voting-app/contracts/Greeter.sol
> git ls-files --stage -- /home/owen/projects/blockchain/quad-voting/quad-voting-app/contracts/Greeter.sol
> git show --textconv :quad-voting-app/contracts/Greeter.sol
> git ls-files --stage -- /home/owen/projects/blockchain/quad-voting/quad-voting-app/contracts/Greeter.sol
> git log --format=%H%n%aN%n%aE%n%at%n%ct%n%P%n%B -z -n21 -- /home/owen/projects/blockchain/quad-voting/quad-voting-app/contracts/Greeter.sol
> git show --textconv :quad-voting-app/hardhat.config.js
> git ls-files --stage -- /home/owen/projects/blockchain/quad-voting/quad-voting-app/hardhat.config.js
> git log --format=%H%n%aN%n%aE%n%at%n%ct%n%P%n%B -z -n21 -- /home/owen/projects/blockchain/quad-voting/quad-voting-app/hardhat.config.js
