[2022-01-19 18:42:35.710] [sharedprocess] [info] Installing extension: dsznajder.es7-react-js-snippets
[2022-01-19 18:42:37.758] [sharedprocess] [info] Downloaded extension: dsznajder.es7-react-js-snippets /home/owen/.config/Code - OSS/CachedExtensionVSIXs/dsznajder.es7-react-js-snippets-4.0.2
[2022-01-19 18:42:38.632] [sharedprocess] [info] Extracted extension to /home/owen/.vscode-oss/extensions/.77bec156-308f-4951-8646-6e69ef3084db: dsznajder.es7-react-js-snippets
[2022-01-19 18:42:38.735] [sharedprocess] [info] Renamed to /home/owen/.vscode-oss/extensions/dsznajder.es7-react-js-snippets-4.0.2
[2022-01-19 18:42:38.742] [sharedprocess] [info] Extracting completed. dsznajder.es7-react-js-snippets
[2022-01-19 18:42:38.782] [sharedprocess] [info] Extension installed successfully: dsznajder.es7-react-js-snippets
[2022-01-19 18:57:28.107] [sharedprocess] [info] Installing extension: sainnhe.gruvbox-material
[2022-01-19 18:57:28.782] [sharedprocess] [info] Downloaded extension: sainnhe.gruvbox-material /home/owen/.config/Code - OSS/CachedExtensionVSIXs/sainnhe.gruvbox-material-6.5.0
[2022-01-19 18:57:28.943] [sharedprocess] [info] Extracted extension to /home/owen/.vscode-oss/extensions/.ba5e7108-c77e-4679-8b9a-fa5a48cea282: sainnhe.gruvbox-material
[2022-01-19 18:57:28.991] [sharedprocess] [info] Renamed to /home/owen/.vscode-oss/extensions/sainnhe.gruvbox-material-6.5.0
[2022-01-19 18:57:28.996] [sharedprocess] [info] Extracting completed. sainnhe.gruvbox-material
[2022-01-19 18:57:28.999] [sharedprocess] [info] Extension installed successfully: sainnhe.gruvbox-material
[2022-01-19 18:58:06.311] [sharedprocess] [info] Installing extension: dracula-theme.theme-dracula
[2022-01-19 18:58:06.826] [sharedprocess] [info] Downloaded extension: dracula-theme.theme-dracula /home/owen/.config/Code - OSS/CachedExtensionVSIXs/dracula-theme.theme-dracula-2.24.1
[2022-01-19 18:58:06.920] [sharedprocess] [info] Extracted extension to /home/owen/.vscode-oss/extensions/.e135c8a8-f5ec-4cd8-9e87-8a8aded9d9b5: dracula-theme.theme-dracula
[2022-01-19 18:58:06.959] [sharedprocess] [info] Renamed to /home/owen/.vscode-oss/extensions/dracula-theme.theme-dracula-2.24.1
[2022-01-19 18:58:06.962] [sharedprocess] [info] Extracting completed. dracula-theme.theme-dracula
[2022-01-19 18:58:06.964] [sharedprocess] [info] Extension installed successfully: dracula-theme.theme-dracula
[2022-01-19 19:00:24.092] [sharedprocess] [info] Installing extension: ms-azuretools.vscode-docker
[2022-01-19 19:00:24.832] [sharedprocess] [info] Downloaded extension: ms-azuretools.vscode-docker /home/owen/.config/Code - OSS/CachedExtensionVSIXs/ms-azuretools.vscode-docker-1.19.0
[2022-01-19 19:00:25.264] [sharedprocess] [info] Extracted extension to /home/owen/.vscode-oss/extensions/.526cfe23-1deb-4ace-b9f9-35714218b796: ms-azuretools.vscode-docker
[2022-01-19 19:00:25.391] [sharedprocess] [info] Renamed to /home/owen/.vscode-oss/extensions/ms-azuretools.vscode-docker-1.19.0
[2022-01-19 19:00:25.399] [sharedprocess] [info] Extracting completed. ms-azuretools.vscode-docker
[2022-01-19 19:00:25.411] [sharedprocess] [info] Extension installed successfully: ms-azuretools.vscode-docker
